<?xml version="1.0" encoding="UTF-8"?>
<testng-results skipped="0" failed="0" ignored="0"
	total="0" passed="0">
	<reporter-output>
	</reporter-output>
	<suite name="MakerSuite" duration-ms="562"
		started-at="2022-10-25T11:45:26Z" finished-at="2022-10-25T11:45:26Z">
		<groups>
			<group name="cucumber">
				<method
					signature="AbstractTestNGCucumberTests.runScenario(io.cucumber.testng.PickleWrapper, io.cucumber.testng.FeatureWrapper)[pri:0, instance:info.testrunner.RunnerClass@3b0143d3]"
					name="runScenario"
					class="io.cucumber.testng.AbstractTestNGCucumberTests" />
			</group> <!-- cucumber -->
		</groups>
		<test name="RunnerClass" duration-ms="562"
			started-at="2022-10-25T11:45:26Z" finished-at="2022-10-25T11:45:26Z">
			<class name="info.testrunner.RunnerClass">
				<test-method status="PASS"
					signature="setUpClass()[pri:0, instance:info.testrunner.RunnerClass@3b0143d3]"
					name="setUpClass" is-config="true" duration-ms="484"
					started-at="2022-10-25T11:45:26Z"
					finished-at="2022-10-25T11:45:26Z">
					<reporter-output>
					</reporter-output>
				</test-method> <!-- setUpClass -->
				<test-method status="PASS"
					signature="tearDownClass()[pri:0, instance:info.testrunner.RunnerClass@3b0143d3]"
					name="tearDownClass" is-config="true" duration-ms="47"
					started-at="2022-10-25T11:45:26Z"
					finished-at="2022-10-25T11:45:26Z">
					<reporter-output>
					</reporter-output>
				</test-method> <!-- tearDownClass -->
			</class> <!-- info.testrunner.RunnerClass -->
		</test> <!-- RunnerClass -->
	</suite> <!-- MakerSuite -->
</testng-results>
